<?xml version="1.0" encoding="UTF-8"?>
<!-- Generated by org.testng.reporters.JUnitReportReporter -->
<testsuite skipped="0" hostname="AROCKIA-PC" name="testcase.CreateLead" tests="2" failures="0" timestamp="22 Jul 2018 07:49:11 GMT" time="66.300" errors="0">
  <testcase name="createLead" time="35.986" classname="testcase.CreateLead"/>
  <testcase name="createLead" time="30.314" classname="testcase.CreateLead"/>
</testsuite> <!-- testcase.CreateLead -->
