<?xml version="1.0" encoding="UTF-8"?>
<!-- Generated by org.testng.reporters.JUnitReportReporter -->
<testsuite skipped="0" hostname="AROCKIA-PC" name="excel.ReadExcel" tests="1" failures="0" timestamp="28 Jul 2018 04:20:41 GMT" time="2.326" errors="0">
  <testcase name="readExcel" time="2.326" classname="excel.ReadExcel"/>
</testsuite> <!-- excel.ReadExcel -->
