<?xml version="1.0" encoding="UTF-8"?>
<!-- Generated by org.testng.reporters.JUnitReportReporter -->
<testsuite skipped="1" hostname="AROCKIA-PC" name="testLeafTestCases.TC003DuplicateLead" tests="1" failures="0" timestamp="10 Aug 2018 20:06:23 GMT" time="0.000" errors="0">
  <testcase name="EditLeads" time="0.000" classname="testLeafTestCases.TC003DuplicateLead">
    <skipped/>
  </testcase> <!-- EditLeads -->
</testsuite> <!-- testLeafTestCases.TC003DuplicateLead -->
