<?xml version="1.0" encoding="UTF-8"?>
<!-- Generated by org.testng.reporters.JUnitReportReporter -->
<testsuite skipped="0" hostname="AROCKIA-PC" name="excel.CreateLeadExcelIO" tests="4" failures="0" timestamp="04 Aug 2018 13:15:01 GMT" time="218.740" errors="0">
  <testcase name="createLead" time="44.145" classname="excel.CreateLeadExcelIO"/>
  <testcase name="createLead" time="102.116" classname="excel.CreateLeadExcelIO"/>
  <testcase name="createLead" time="37.607" classname="excel.CreateLeadExcelIO"/>
  <testcase name="createLead" time="34.872" classname="excel.CreateLeadExcelIO"/>
</testsuite> <!-- excel.CreateLeadExcelIO -->
