<?xml version="1.0" encoding="UTF-8"?>
<!-- Generated by org.testng.reporters.JUnitReportReporter -->
<testsuite skipped="0" hostname="AROCKIA-PC" name="excel.UpdateLeadExcelIO" tests="1" failures="0" timestamp="28 Jul 2018 18:26:23 GMT" time="37.624" errors="0">
  <testcase name="EditLeads" time="37.624" classname="excel.UpdateLeadExcelIO"/>
</testsuite> <!-- excel.UpdateLeadExcelIO -->
